DEBUG:root:abcdefgh - swap letter a with letter d            >>> dbcaefgh
DEBUG:root:dbcaefgh - move position 6 to position 4          >>> dbcagefh
DEBUG:root:dbcagefh - move position 5 to position 1          >>> debcagfh
DEBUG:root:debcagfh - swap letter h with letter e            >>> dhbcagfe
DEBUG:root:dhbcagfe - rotate based on position of letter a   >>> bcagfedh
DEBUG:root:bcagfedh - move position 6 to position 2          >>> bcdagfeh
DEBUG:root:bcdagfeh - reverse positions 0 through 1          >>> cbdagfeh
DEBUG:root:cbdagfeh - rotate based on position of letter h   >>> hcbdagfe
DEBUG:root:hcbdagfe - rotate based on position of letter g   >>> cbdagfeh
DEBUG:root:cbdagfeh - rotate based on position of letter h   >>> hcbdagfe
DEBUG:root:hcbdagfe - reverse positions 4 through 7          >>> hcbdefga
DEBUG:root:hcbdefga - swap letter a with letter f            >>> hcbdeagf
DEBUG:root:hcbdeagf - swap position 2 with position 7        >>> hcfdeagb
DEBUG:root:hcfdeagb - move position 7 to position 5          >>> hcfdebag
DEBUG:root:hcfdebag - reverse positions 0 through 5          >>> bedfchag
DEBUG:root:bedfchag - rotate based on position of letter f   >>> chagbedf
DEBUG:root:chagbedf - rotate right 4 steps                   >>> bedfchag
DEBUG:root:bedfchag - swap position 3 with position 0        >>> fedbchag
DEBUG:root:fedbchag - move position 1 to position 2          >>> fdebchag
DEBUG:root:fdebchag - reverse positions 4 through 6          >>> fdebahcg
DEBUG:root:fdebahcg - swap position 3 with position 5        >>> fdehabcg
DEBUG:root:fdehabcg - swap letter a with letter c            >>> fdehcbag
DEBUG:root:fdehcbag - swap position 5 with position 2        >>> fdbhceag
DEBUG:root:fdbhceag - swap position 7 with position 2        >>> fdghceab
DEBUG:root:fdghceab - move position 2 to position 5          >>> fdhcegab
DEBUG:root:fdhcegab - rotate based on position of letter h   >>> gabfdhce
DEBUG:root:gabfdhce - rotate right 2 steps                   >>> cegabfdh
DEBUG:root:cegabfdh - swap position 3 with position 4        >>> cegbafdh
DEBUG:root:cegbafdh - move position 0 to position 1          >>> ecgbafdh
DEBUG:root:ecgbafdh - reverse positions 1 through 7          >>> ehdfabgc
DEBUG:root:ehdfabgc - reverse positions 1 through 4          >>> eafdhbgc
DEBUG:root:eafdhbgc - rotate based on position of letter b   >>> afdhbgce
DEBUG:root:afdhbgce - rotate right 7 steps                   >>> fdhbgcea
DEBUG:root:fdhbgcea - rotate left 0 steps                    >>> fdhbgcea
DEBUG:root:fdhbgcea - swap position 6 with position 1        >>> fehbgcda
DEBUG:root:fehbgcda - reverse positions 1 through 3          >>> fbhegcda
DEBUG:root:fbhegcda - reverse positions 0 through 3          >>> ehbfgcda
DEBUG:root:ehbfgcda - move position 0 to position 4          >>> hbfgecda
DEBUG:root:hbfgecda - rotate based on position of letter f   >>> cdahbfge
DEBUG:root:cdahbfge - reverse positions 0 through 7          >>> egfbhadc
DEBUG:root:egfbhadc - reverse positions 0 through 1          >>> gefbhadc
DEBUG:root:gefbhadc - move position 1 to position 7          >>> gfbhadce
DEBUG:root:gfbhadce - move position 7 to position 6          >>> gfbhadec
DEBUG:root:gfbhadec - rotate based on position of letter b   >>> decgfbha
DEBUG:root:decgfbha - reverse positions 3 through 5          >>> decbfgha
DEBUG:root:decbfgha - reverse positions 0 through 3          >>> bcedfgha
DEBUG:root:bcedfgha - swap letter c with letter h            >>> bhedfgca
DEBUG:root:bhedfgca - reverse positions 3 through 5          >>> bhegfdca
DEBUG:root:bhegfdca - swap position 3 with position 6        >>> bhecfdga
DEBUG:root:bhecfdga - swap letter d with letter g            >>> bhecfgda
DEBUG:root:bhecfgda - move position 5 to position 6          >>> bhecfdga
DEBUG:root:bhecfdga - swap position 6 with position 2        >>> bhgcfdea
DEBUG:root:bhgcfdea - rotate right 5 steps                   >>> cfdeabhg
DEBUG:root:cfdeabhg - swap letter e with letter g            >>> cfdgabhe
DEBUG:root:cfdgabhe - rotate based on position of letter e   >>> ecfdgabh
DEBUG:root:ecfdgabh - rotate based on position of letter c   >>> bhecfdga
DEBUG:root:bhecfdga - swap letter g with letter e            >>> bhgcfdea
DEBUG:root:bhgcfdea - rotate based on position of letter b   >>> abhgcfde
DEBUG:root:abhgcfde - rotate based on position of letter b   >>> deabhgcf
DEBUG:root:deabhgcf - swap position 0 with position 2        >>> aedbhgcf
DEBUG:root:aedbhgcf - move position 6 to position 0          >>> caedbhgf
DEBUG:root:caedbhgf - move position 5 to position 0          >>> hcaedbgf
DEBUG:root:hcaedbgf - rotate left 2 steps                    >>> aedbgfhc
DEBUG:root:aedbgfhc - move position 0 to position 5          >>> edbgfahc
DEBUG:root:edbgfahc - rotate left 7 steps                    >>> cedbgfah
DEBUG:root:cedbgfah - swap letter b with letter g            >>> cedgbfah
DEBUG:root:cedgbfah - rotate based on position of letter d   >>> fahcedgb
DEBUG:root:fahcedgb - swap letter h with letter e            >>> faechdgb
DEBUG:root:faechdgb - swap letter d with letter c            >>> faedhcgb
DEBUG:root:faedhcgb - rotate based on position of letter f   >>> bfaedhcg
DEBUG:root:bfaedhcg - move position 5 to position 0          >>> hbfaedcg
DEBUG:root:hbfaedcg - rotate left 5 steps                    >>> dcghbfae
DEBUG:root:dcghbfae - swap position 0 with position 7        >>> ecghbfad
DEBUG:root:ecghbfad - swap position 0 with position 3        >>> hcgebfad
DEBUG:root:hcgebfad - rotate left 4 steps                    >>> bfadhcge
DEBUG:root:bfadhcge - rotate left 1 step                     >>> fadhcgeb
DEBUG:root:fadhcgeb - rotate right 6 steps                   >>> dhcgebfa
DEBUG:root:dhcgebfa - swap position 0 with position 1        >>> hdcgebfa
DEBUG:root:hdcgebfa - reverse positions 4 through 6          >>> hdcgfbea
DEBUG:root:hdcgfbea - reverse positions 4 through 6          >>> hdcgebfa
DEBUG:root:hdcgebfa - move position 6 to position 3          >>> hdcfgeba
DEBUG:root:hdcfgeba - move position 7 to position 4          >>> hdcfageb
DEBUG:root:hdcfageb - rotate right 4 steps                   >>> agebhdcf
DEBUG:root:agebhdcf - swap letter g with letter d            >>> adebhgcf
DEBUG:root:adebhgcf - swap letter c with letter e            >>> adcbhgef
DEBUG:root:adcbhgef - swap letter e with letter h            >>> adcbeghf
DEBUG:root:adcbeghf - rotate right 5 steps                   >>> beghfadc
DEBUG:root:beghfadc - rotate based on position of letter g   >>> adcbeghf
DEBUG:root:adcbeghf - rotate based on position of letter g   >>> dcbeghfa
DEBUG:root:dcbeghfa - rotate left 3 steps                    >>> eghfadcb
DEBUG:root:eghfadcb - swap letter h with letter g            >>> ehgfadcb
DEBUG:root:ehgfadcb - reverse positions 0 through 4          >>> afghedcb
DEBUG:root:afghedcb - rotate right 4 steps                   >>> edcbafgh
DEBUG:root:edcbafgh - move position 6 to position 4          >>> edcbgafh
DEBUG:root:edcbgafh - rotate based on position of letter c   >>> afhedcbg
DEBUG:root:afhedcbg - swap position 2 with position 6        >>> afbedchg
DEBUG:root:afbedchg - swap position 7 with position 2        >>> afgedchb
DEBUG:root:afgedchb - rotate right 1 step                    >>> bafgedch
DEBUG:root:bafgedch - swap position 3 with position 1        >>> bgfaedch
DEBUG:root:bgfaedch - swap position 4 with position 6        >>> bgfacdeh
DEBUG:root:fbgdceah - swap position 4 with position 6        >>> fbgdaech
DEBUG:root:fbgdaech - swap position 3 with position 1        >>> fdgbaech
DEBUG:root:fdgbaech - rotate right 1 step                    >>> dgbaechf
DEBUG:root:dgbaechf - swap position 7 with position 2        >>> dgfaechb
DEBUG:root:dgfaechb - swap position 2 with position 6        >>> dghaecfb
DEBUG:root:dghaecfb - rotate based on position of letter c   >>> aecfbdgh
DEBUG:root:aecfbdgh - move position 6 to position 4          >>> aecfdgbh
DEBUG:root:aecfdgbh - rotate right 4 steps                   >>> dgbhaecf
DEBUG:root:dgbhaecf - reverse positions 0 through 4          >>> ahbgdecf
DEBUG:root:ahbgdecf - swap letter h with letter g            >>> agbhdecf
DEBUG:root:agbhdecf - rotate left 3 steps                    >>> ecfagbhd
DEBUG:root:ecfagbhd - rotate based on position of letter g   >>> decfagbh
DEBUG:root:decfagbh - rotate based on position of letter g   >>> fagbhdec
DEBUG:root:fagbhdec - rotate right 5 steps                   >>> decfagbh
DEBUG:root:decfagbh - swap letter e with letter h            >>> dhcfagbe
DEBUG:root:dhcfagbe - swap letter c with letter e            >>> dhefagbc
DEBUG:root:dhefagbc - swap letter g with letter d            >>> ghefadbc
DEBUG:root:ghefadbc - rotate right 4 steps                   >>> adbcghef
DEBUG:root:adbcghef - move position 7 to position 4          >>> adbchefg
DEBUG:root:adbchefg - move position 6 to position 3          >>> adbhefcg
DEBUG:root:adbhefcg - reverse positions 4 through 6          >>> adbhcfeg
DEBUG:root:adbhcfeg - reverse positions 4 through 6          >>> adbhefcg
DEBUG:root:adbhefcg - swap position 0 with position 1        >>> dabhefcg
DEBUG:root:dabhefcg - rotate right 6 steps                   >>> cgdabhef
DEBUG:root:cgdabhef - rotate left 1 step                     >>> fcgdabhe
DEBUG:root:fcgdabhe - rotate left 4 steps                    >>> abhefcgd
DEBUG:root:abhefcgd - swap position 0 with position 3        >>> ebhafcgd
DEBUG:root:ebhafcgd - swap position 0 with position 7        >>> dbhafcge
DEBUG:root:dbhafcge - rotate left 5 steps                    >>> afcgedbh
DEBUG:root:afcgedbh - move position 5 to position 0          >>> fcgedabh
DEBUG:root:fcgedabh - rotate based on position of letter f   >>> cgedabhf
DEBUG:root:cgedabhf - swap letter d with letter c            >>> dgecabhf
DEBUG:root:dgecabhf - swap letter h with letter e            >>> dghcabef
DEBUG:root:dghcabef - rotate based on position of letter d   >>> ghcabefd
DEBUG:root:ghcabefd - swap letter b with letter g            >>> bhcagefd
DEBUG:root:bhcagefd - rotate left 7 steps                    >>> hcagefdb
DEBUG:root:hcagefdb - move position 0 to position 5          >>> fhcagedb
DEBUG:root:fhcagedb - rotate left 2 steps                    >>> dbfhcage
DEBUG:root:dbfhcage - move position 5 to position 0          >>> bfhcadge
DEBUG:root:bfhcadge - move position 6 to position 0          >>> fhcadgbe
DEBUG:root:fhcadgbe - swap position 0 with position 2        >>> chfadgbe
DEBUG:root:chfadgbe - rotate based on position of letter b   >>> chfadgbe
DEBUG:root:chfadgbe - rotate based on position of letter b   >>> chfadgbe
DEBUG:root:chfadgbe - swap letter g with letter e            >>> chfadebg
DEBUG:root:chfadebg - rotate based on position of letter c   >>> hfadebgc
DEBUG:root:hfadebgc - rotate based on position of letter e   >>> chfadebg
DEBUG:root:chfadebg - swap letter e with letter g            >>> chfadgbe
DEBUG:root:chfadgbe - rotate right 5 steps                   >>> gbechfad
DEBUG:root:gbechfad - swap position 6 with position 2        >>> gbachfed
DEBUG:root:gbachfed - move position 5 to position 6          >>> gbachefd
DEBUG:root:gbachefd - swap letter d with letter g            >>> dbachefg
DEBUG:root:dbachefg - swap position 3 with position 6        >>> dbafhecg
DEBUG:root:dbafhecg - reverse positions 3 through 5          >>> dbaehfcg
DEBUG:root:dbaehfcg - swap letter c with letter h            >>> dbaecfhg
DEBUG:root:dbaecfhg - reverse positions 0 through 3          >>> eabdcfhg
DEBUG:root:eabdcfhg - reverse positions 3 through 5          >>> eabfcdhg
DEBUG:root:eabfcdhg - rotate based on position of letter b   >>> hgeabfcd
DEBUG:root:hgeabfcd - move position 7 to position 6          >>> hgeabfdc
DEBUG:root:hgeabfdc - move position 1 to position 7          >>> hcgeabfd
DEBUG:root:hcgeabfd - reverse positions 0 through 1          >>> chgeabfd
DEBUG:root:chgeabfd - reverse positions 0 through 7          >>> dfbaeghc
DEBUG:root:dfbaeghc - rotate based on position of letter f   >>> fbaeghcd
DEBUG:root:fbaeghcd - move position 0 to position 4          >>> gfbaehcd
DEBUG:root:gfbaehcd - reverse positions 0 through 3          >>> abfgehcd
DEBUG:root:abfgehcd - reverse positions 1 through 3          >>> agfbehcd
DEBUG:root:agfbehcd - swap position 6 with position 1        >>> acfbehgd
DEBUG:root:acfbehgd - rotate left 0 steps                    >>> acfbehgd
DEBUG:root:acfbehgd - rotate right 7 steps                   >>> dacfbehg
DEBUG:root:dacfbehg - rotate based on position of letter b   >>> gdacfbeh
DEBUG:root:gdacfbeh - reverse positions 1 through 4          >>> gfcadbeh
DEBUG:root:gfcadbeh - reverse positions 1 through 7          >>> ghebdacf
DEBUG:root:ghebdacf - move position 0 to position 1          >>> hgebdacf
DEBUG:root:hgebdacf - swap position 3 with position 4        >>> hgedbacf
DEBUG:root:hgedbacf - rotate right 2 steps                   >>> edbacfhg
DEBUG:root:edbacfhg - rotate based on position of letter h   >>> edbacfhg
DEBUG:root:edbacfhg - move position 2 to position 5          >>> edfbachg
DEBUG:root:edfbachg - swap position 7 with position 2        >>> edgbachf
DEBUG:root:edgbachf - swap position 5 with position 2        >>> edcbaghf
DEBUG:root:edcbaghf - swap letter a with letter c            >>> edabcghf
DEBUG:root:edabcghf - swap position 3 with position 5        >>> edagcbhf
DEBUG:root:edagcbhf - reverse positions 4 through 6          >>> edaghbcf
DEBUG:root:edaghbcf - move position 1 to position 2          >>> eadghbcf
DEBUG:root:eadghbcf - swap position 3 with position 0        >>> gadehbcf
DEBUG:root:gadehbcf - rotate right 4 steps                   >>> hbcfgade
DEBUG:root:hbcfgade - rotate based on position of letter f   >>> cfgadehb
DEBUG:root:cfgadehb - reverse positions 0 through 5          >>> edagfchb
DEBUG:root:edagfchb - move position 7 to position 5          >>> edagfhbc
DEBUG:root:edagfhbc - swap position 2 with position 7        >>> edcgfhba
DEBUG:root:edcgfhba - swap letter a with letter f            >>> edcgahbf
DEBUG:root:edcgahbf - reverse positions 4 through 7          >>> edcgfbha
DEBUG:root:edcgfbha - rotate based on position of letter h   >>> edcgfbha
DEBUG:root:edcgfbha - rotate based on position of letter g   >>> cgfbhaed
DEBUG:root:cgfbhaed - rotate based on position of letter h   >>> dcgfbhae
DEBUG:root:dcgfbhae - reverse positions 0 through 1          >>> cdgfbhae
DEBUG:root:cdgfbhae - move position 6 to position 2          >>> cdfbhage
DEBUG:root:cdfbhage - rotate based on position of letter a   >>> bhagecdf
DEBUG:root:bhagecdf - swap letter h with letter e            >>> beaghcdf
DEBUG:root:beaghcdf - move position 5 to position 1          >>> baghcedf
DEBUG:root:baghcedf - move position 6 to position 4          >>> baghedcf
DEBUG:root:baghedcf - swap letter a with letter d            >>> bdgheacf
